{"C:\\Users\\mlltm\\OneDrive\\Bureau\\mllt-datatable\\mllt-datatable\\example\\src\\App.js": {"path":"C:\\Users\\mlltm\\OneDrive\\Bureau\\mllt-datatable\\mllt-datatable\\example\\src\\App.js","statementMap":{"0":{"start":{"line":8,"column":31},"end":{"line":18,"column":1}},"1":{"start":{"line":20,"column":27},"end":{"line":24,"column":1}},"2":{"start":{"line":26,"column":12},"end":{"line":34,"column":1}},"3":{"start":{"line":27,"column":2},"end":{"line":33,"column":9}}},"fnMap":{"0":{"name":"(anonymous_0)","decl":{"start":{"line":26,"column":12},"end":{"line":26,"column":13}},"loc":{"start":{"line":26,"column":18},"end":{"line":34,"column":1}},"line":26}},"branchMap":{},"s":{"0":1,"1":1,"2":1,"3":0},"f":{"0":0},"b":{},"_coverageSchema":"43e27e138ebf9cfc5966b082cf9a028302ed4184","hash":"839ea9133fe57e47c044e604b39190e0d520822f"}
,"C:\\Users\\mlltm\\OneDrive\\Bureau\\mllt-datatable\\mllt-datatable\\example\\src\\setuptTests.js": {"path":"C:\\Users\\mlltm\\OneDrive\\Bureau\\mllt-datatable\\mllt-datatable\\example\\src\\setuptTests.js","statementMap":{},"fnMap":{},"branchMap":{},"s":{},"f":{},"b":{},"hash":"f99f46d9092c146b7a62a6863d82df4b7874fd15"}
}
